<?xml version="1.0" encoding="UTF-8"?>
<!-- Generated by org.testng.reporters.JUnitXMLReporter -->
<testsuite ignored="4" hostname="DarshanaBirari" failures="0" tests="2" name="Test" time="27.208" errors="0" timestamp="2024-11-14T17:26:51 IST">
  <testcase classname="TestNG1.Honda" name="honda" time="22.775"/>
  <testcase classname="TestNg2.Addidas" name="addidas" time="4.358"/>
  <testcase classname="TestNG1.Kawasaki" name="kawasaki" time="0.0">
    <ignored/>
  </testcase> <!-- kawasaki -->
  <testcase classname="TestNg2.Nike" name="nike" time="0.0">
    <ignored/>
  </testcase> <!-- nike -->
  <testcase classname="TestNg2.Puma" name="puma" time="0.0">
    <ignored/>
  </testcase> <!-- puma -->
  <testcase classname="TestNG1.Royal" name="royalEnfield" time="0.0">
    <ignored/>
  </testcase> <!-- royalEnfield -->
</testsuite> <!-- Test -->
